<?xml version="1.0" encoding="utf-8" standalone="no"?>
<!--This file represents the results of running a test suite-->
<test-results name="E:\Programming_tools\Csharp\workspace\NUnitTest\NUnitTest\bin\Debug\NUnitTest.exe" total="1" errors="0" failures="0" not-run="0" inconclusive="0" ignored="0" skipped="0" invalid="0" date="2014-11-10" time="10:02:30">
  <environment nunit-version="2.6.3.13283" clr-version="2.0.50727.5420" os-version="Microsoft Windows NT 6.1.7601 Service Pack 1" platform="Win32NT" cwd="C:\Program Files (x86)\NUnit 2.6.3\bin" machine-name="JO-PC" user="jo" user-domain="jo-PC" />
  <culture-info current-culture="zh-CN" current-uiculture="zh-CN" />
  <test-suite type="Assembly" name="E:\Programming_tools\Csharp\workspace\NUnitTest\NUnitTest\bin\Debug\NUnitTest.exe" executed="True" result="Success" success="True" time="3.710" asserts="0">
    <results>
      <test-suite type="Namespace" name="NUnitTest" executed="True" result="Success" success="True" time="3.636" asserts="0">
        <results>
          <test-suite type="Namespace" name="Test" executed="True" result="Success" success="True" time="3.627" asserts="0">
            <results>
              <test-suite type="TestFixture" name="LogAnalyzerTest" executed="True" result="Success" success="True" time="3.607" asserts="0">
                <results>
                  <test-case name="NUnitTest.Test.LogAnalyzerTest.Analyze_TooShortFileName_ErrorLoggedToService" executed="True" result="Success" success="True" time="3.550" asserts="0" />
                </results>
              </test-suite>
            </results>
          </test-suite>
        </results>
      </test-suite>
    </results>
  </test-suite>
</test-results>